<?xml version="1.0" encoding="UTF-8"?>
<testsuite xmlns:xsi="http://www.w3.org/2001/XMLSchema-instance" xsi:noNamespaceSchemaLocation="https://maven.apache.org/surefire/maven-surefire-plugin/xsd/surefire-test-report-3.0.xsd" version="3.0" name="org.example.students.StudentsExaminationTest" time="0.056" tests="9" errors="0" skipped="0" failures="0">
  <properties>
[...]
</properties>
  <testcase name="multipleSubmissionsStudentNames" classname="org.example.students.StudentsExaminationTest" time="0.021"/>
  <testcase name="getAllScores" classname="org.example.students.StudentsExaminationTest" time="0.008">
    <system-out><![CDATA[[Score[name=John Smith, subject=Mathematics, score=5], Score[name=Michael Johnson, subject=Physics, score=5], Score[name=David Brown, subject=History, score=5], Score[name=James Wilson, subject=History, score=5], Score[name=Robert Taylor, subject=History, score=4], Score[name=James Wilson, subject=Physics, score=5], Score[name=Michael Johnson, subject=History, score=4], Score[name=Michael Johnson, subject=Mathematics, score=5], Score[name=William Davis, subject=Biology, score=4], Score[name=Richard Miller, subject=Physical Education, score=5], Score[name=Charles Wilson, subject=Physical Education, score=5], Score[name=Thomas Moore, subject=Chemistry, score=5], Score[name=Joseph Anderson, subject=Geography, score=4], Score[name=Daniel Jackson, subject=Art, score=5], Score[name=Matthew White, subject=Music, score=4], Score[name=Christopher Harris, subject=English, score=5], Score[name=Andrew Martin, subject=Computer Science, score=5], Score[name=Brian Thompson, subject=Economics, score=4], Score[name=Kevin Garcia, subject=Sociology, score=5], Score[name=Jason Martinez, subject=Psychology, score=4]]
]]></system-out>
  </testcase>
  <testcase name="getAllItems" classname="org.example.students.StudentsExaminationTest" time="0.003">
    <system-out><![CDATA[{NameAndSubject[name=John Smith, subject=Mathematics]=5, NameAndSubject[name=Michael Johnson, subject=Physics]=5, NameAndSubject[name=David Brown, subject=History]=5, NameAndSubject[name=James Wilson, subject=History]=5, NameAndSubject[name=Robert Taylor, subject=History]=4, NameAndSubject[name=James Wilson, subject=Physics]=5, NameAndSubject[name=Michael Johnson, subject=History]=4, NameAndSubject[name=Michael Johnson, subject=Mathematics]=5, NameAndSubject[name=William Davis, subject=Biology]=4, NameAndSubject[name=Richard Miller, subject=Physical Education]=5, NameAndSubject[name=Charles Wilson, subject=Physical Education]=5, NameAndSubject[name=Thomas Moore, subject=Chemistry]=5, NameAndSubject[name=Joseph Anderson, subject=Geography]=4, NameAndSubject[name=Daniel Jackson, subject=Art]=5, NameAndSubject[name=Matthew White, subject=Music]=4, NameAndSubject[name=Christopher Harris, subject=English]=5, NameAndSubject[name=Andrew Martin, subject=Computer Science]=5, NameAndSubject[name=Brian Thompson, subject=Economics]=4, NameAndSubject[name=Kevin Garcia, subject=Sociology]=5, NameAndSubject[name=Jason Martinez, subject=Psychology]=4}
]]></system-out>
  </testcase>
  <testcase name="lastFiveStudentsWithExcellentMarkOnAnySubject" classname="org.example.students.StudentsExaminationTest" time="0.001"/>
  <testcase name="removeItem" classname="org.example.students.StudentsExaminationTest" time="0.004"/>
  <testcase name="callManyTimesForRepeatingRequests" classname="org.example.students.StudentsExaminationTest" time="0.001"/>
  <testcase name="putAllItems" classname="org.example.students.StudentsExaminationTest" time="0.0"/>
  <testcase name="getAverageForSubject" classname="org.example.students.StudentsExaminationTest" time="0.001"/>
  <testcase name="getScoreTest" classname="org.example.students.StudentsExaminationTest" time="0.005"/>
</testsuite>